11/28/2019 10:13:02 PM    ==== Scoary started ====
11/28/2019 10:13:02 PM    Command: /hb/home/kashrest/newtest/bin/scoary -g ./gene_presence_absence.csv -t ./abr_resist_phenos_Cefazolin.csv --threads 8 --upgma_tree
11/28/2019 10:13:02 PM    Reading gene presence absence file
11/28/2019 10:13:24 PM    Creating Hamming distance matrix based on gene presence/absence
11/28/2019 10:13:32 PM    Building UPGMA tree from distance matrix
11/28/2019 10:13:36 PM    Reading traits file
11/28/2019 10:13:36 PM    ERROR: Some isolates in your gene presence absence file were not represented in your traits file. These will count as MISSING data and will not be included.
11/28/2019 10:13:36 PM    Finished loading files into memory.


11/28/2019 10:13:36 PM    ==== Performing statistics ====
11/28/2019 10:13:36 PM    -- Filtration options --
11/28/2019 10:13:36 PM    Individual (Naive):    0.05
11/28/2019 10:13:36 PM    Collapse genes:    False


11/28/2019 10:13:36 PM    Tallying genes and performing statistical analyses
11/28/2019 10:13:36 PM    Gene-wise counting and Fisher's exact tests for trait: Cefazolin
11/28/2019 10:15:13 PM    Adding p-values adjusted for testing multiple hypotheses
11/28/2019 10:15:14 PM    Wrote the UPGMA tree to file: ./Tree_28_11_2019_2213.nwk
11/28/2019 10:15:14 PM    Storing results: Cefazolin
11/28/2019 10:15:14 PM    Calculating max number of contrasting pairs for each nominally significant gene
11/28/2019 10:16:10 PM    Storing results to file
11/28/2019 10:16:10 PM    

11/28/2019 10:16:10 PM    ==== Finished ====
11/28/2019 10:16:10 PM    Checked a total of 54101 genes for associations to 1 trait(s). Total time used: 188 seconds.
11/28/2019 10:16:10 PM    Scoary finished successfully, but with ERRORS. Please check your log file.
