11/28/2019 10:35:58 PM    ==== Scoary started ====
11/28/2019 10:35:58 PM    Command: /hb/home/kashrest/newtest/bin/scoary -g ./gene_presence_absence.csv -t ./abr_resist_phenos_Tobramycin.csv --threads 8 --upgma_tree
11/28/2019 10:35:58 PM    Reading gene presence absence file
11/28/2019 10:36:21 PM    Creating Hamming distance matrix based on gene presence/absence
11/28/2019 10:36:29 PM    Building UPGMA tree from distance matrix
11/28/2019 10:36:34 PM    Reading traits file
11/28/2019 10:36:34 PM    ERROR: Some isolates in your gene presence absence file were not represented in your traits file. These will count as MISSING data and will not be included.
11/28/2019 10:36:34 PM    Finished loading files into memory.


11/28/2019 10:36:34 PM    ==== Performing statistics ====
11/28/2019 10:36:34 PM    -- Filtration options --
11/28/2019 10:36:34 PM    Individual (Naive):    0.05
11/28/2019 10:36:34 PM    Collapse genes:    False


11/28/2019 10:36:34 PM    Tallying genes and performing statistical analyses
11/28/2019 10:36:34 PM    Gene-wise counting and Fisher's exact tests for trait: Tobramycin
11/28/2019 10:37:04 PM    Adding p-values adjusted for testing multiple hypotheses
11/28/2019 10:37:04 PM    Wrote the UPGMA tree to file: ./Tree_28_11_2019_2235.nwk
11/28/2019 10:37:04 PM    Storing results: Tobramycin
11/28/2019 10:37:04 PM    Calculating max number of contrasting pairs for each nominally significant gene
11/28/2019 10:37:14 PM    Storing results to file
11/28/2019 10:37:14 PM    

11/28/2019 10:37:14 PM    ==== Finished ====
11/28/2019 10:37:14 PM    Checked a total of 54101 genes for associations to 1 trait(s). Total time used: 76 seconds.
11/28/2019 10:37:14 PM    Scoary finished successfully, but with ERRORS. Please check your log file.
