[20:10:08] This is prokka 1.12-beta
[20:10:08] Written by Torsten Seemann <torsten.seemann@gmail.com>
[20:10:08] Homepage is https://github.com/tseemann/prokka
[20:10:08] Local time is Fri Nov  8 20:10:08 2019
[20:10:08] You are manager
[20:10:08] Operating system is linux
[20:10:08] You have BioPerl 1.006924
[20:10:08] System has 1 cores.
[20:10:08] Option --cpu asked for 8 cores, but system only has 1
[20:10:08] Will use maximum of 1 cores.
[20:10:08] Annotating as >>> Bacteria <<<
[20:10:08] Creating new output folder: prokka_blood-08-0081
[20:10:08] Running: mkdir -p prokka_blood\-08\-0081
[20:10:08] Using filename prefix: K_11082019.XXX
[20:10:08] Setting HMMER_NCPU=1
[20:10:08] Writing log to: prokka_blood-08-0081/K_11082019.log
[20:10:08] Command: /usr/local/bin/prokka --kingdom Bacteria --outdir prokka_blood-08-0081 --genus E.Coli --locustag K blood-08-0081.fna
[20:10:08] Appending to PATH: /opt/prokka/bin/../binaries/linux
[20:10:08] Appending to PATH: /opt/prokka/bin/../binaries/linux/../common
[20:10:08] Appending to PATH: /opt/prokka/bin
[20:10:08] Looking for 'aragorn' - found /usr/bin/aragorn
[20:10:08] Determined aragorn version is 1.2
[20:10:08] Looking for 'barrnap' - found /usr/local/bin/barrnap
[20:10:08] Determined barrnap version is 0.7
[20:10:08] Looking for 'blastp' - found /usr/bin/blastp
[20:10:08] Determined blastp version is 2.2
[20:10:09] Looking for 'cmpress' - found /usr/bin/cmpress
[20:10:09] Determined cmpress version is 1.1
[20:10:09] Looking for 'cmscan' - found /usr/bin/cmscan
[20:10:09] Determined cmscan version is 1.1
[20:10:09] Looking for 'egrep' - found /bin/egrep
[20:10:09] Looking for 'find' - found /usr/bin/find
[20:10:09] Looking for 'grep' - found /bin/grep
[20:10:09] Looking for 'hmmpress' - found /usr/bin/hmmpress
[20:10:09] Determined hmmpress version is 3.1
[20:10:09] Looking for 'hmmscan' - found /usr/bin/hmmscan
[20:10:09] Determined hmmscan version is 3.1
[20:10:09] Looking for 'less' - found /usr/bin/less
[20:10:09] Looking for 'makeblastdb' - found /usr/bin/makeblastdb
[20:10:09] Determined makeblastdb version is 2.2
[20:10:09] Looking for 'minced' - found /opt/prokka/bin/../binaries/linux/../common/minced
[20:10:09] Determined minced version is 2.0
[20:10:09] Looking for 'parallel' - found /usr/bin/parallel
[20:10:09] Determined parallel version is 20161222
[20:10:09] Looking for 'prodigal' - found /usr/bin/prodigal
[20:10:10] Determined prodigal version is 2.6
[20:10:10] Looking for 'prokka-genbank_to_fasta_db' - found /opt/prokka/bin/prokka-genbank_to_fasta_db
[20:10:10] Looking for 'sed' - found /bin/sed
[20:10:10] Looking for 'tbl2asn' - found /usr/bin/tbl2asn
[20:10:10] Determined tbl2asn version is 25.8
[20:10:10] Using genetic code table 11.
[20:10:10] Loading and checking input file: blood-08-0081.fna
[20:10:10] Wrote 128 contigs totalling 5271740 bp.
[20:10:10] Predicting tRNAs and tmRNAs
[20:10:10] Running: aragorn -l -gc11  -w prokka_blood\-08\-0081\/K_11082019\.fna
[20:10:12] 1 tRNA-Leu c[134607,134693] 35 (taa)
[20:10:12] 2 tRNA-Cys c[134706,134779] 33 (gca)
[20:10:12] 3 tRNA-Gly c[134834,134909] 34 (gcc)
[20:10:12] 1 tRNA-Asn c[42474,42549] 34 (gtt)
[20:10:12] 2 tRNA-Asn c[44882,44957] 34 (gtt)
[20:10:12] 3 tRNA-Asn [46706,46781] 34 (gtt)
[20:10:12] 4 tRNA-Asn c[61090,61165] 34 (gtt)
[20:10:12] 5 tRNA-Ser [62157,62246] 35 (cga)
[20:10:12] 1 tRNA-Arg c[38352,38426] 34 (cct)
[20:10:12] 1 tRNA-Thr c[1281,1356] 34 (ggt)
[20:10:12] 2 tRNA-Gly c[1363,1437] 34 (tcc)
[20:10:12] 3 tRNA-Tyr c[1554,1638] 35 (gta)
[20:10:12] 4 tRNA-Thr c[1647,1722] 34 (tgt)
[20:10:12] 1 tRNA-Tyr [5510,5594] 35 (gta)
[20:10:12] 2 tRNA-Tyr [5629,5713] 35 (gta)
[20:10:12] 1 tRNA-Pro c[53074,53150] 35 (tgg)
[20:10:12] 2 tRNA-Ser c[53193,53279] 35 (cag)
[20:10:12] 3 tRNA-His c[53300,53375] 34 (gtg)
[20:10:12] 4 tRNA-Arg c[53434,53510] 35 (ccg)
[20:10:12] 5 tRNA-Trp c[87979,88054] 34 (cca)
[20:10:12] 6 tRNA-Asp c[88063,88139] 35 (gtc)
[20:10:12] 1 tRNA-Met [8267,8342] 34 (cat)
[20:10:12] 2 tRNA-Arg [8350,8426] 35 (tcg)
[20:10:12] 3 tRNA-Arg [8440,8516] 35 (tct)
[20:10:12] 1 tRNA-Pro [10510,10586] 35 (ggg)
[20:10:12] 1 tRNA-Thr c[9953,10028] 34 (cgt)
[20:10:12] 1 tRNA-Ala c[4919,4994] 34 (ggc)
[20:10:12] 2 tRNA-Ala c[5034,5109] 34 (ggc)
[20:10:12] 3 tRNA-Val [7808,7883] 34 (tac)
[20:10:12] 1 tRNA-Ile [1497,1573] 35 (gat)
[20:10:12] 2 tRNA-Ala [1616,1691] 34 (tgc)
[20:10:12] 1 tRNA-Glu [1514,1589] 35 (ttc)
[20:10:12] 1 tRNA-Met c[479,554] 34 (cat)
[20:10:12] 2 tRNA-Arg c[34713,34789] 35 (acg)
[20:10:14] 1 tRNA-Val [97435,97511] 35 (gac)
[20:10:14] 2 tRNA-Val [97516,97592] 35 (gac)
[20:10:14] 1 tRNA-Leu c[5691,5775] 35 (caa)
[20:10:14] 1 tRNA-Ser c[9386,9466] 38 (gga)
[20:10:14] 1 tRNA-Ser [8034,8120] 35 (cag)
[20:10:14] 2 tRNA-Ser [8149,8235] 35 (cag)
[20:10:14] 3 tRNA-Ser [8270,8356] 35 (cag)
[20:10:14] 1 tmRNA [24150,24512] 90,125 ANDENYALAA**
[20:10:14] 1 tRNA-Arg c[1206,1282] 35 (tct)
[20:10:14] 1 tRNA-Phe c[48586,48661] 34 (gaa)
[20:10:14] 2 tRNA-Gly [77525,77600] 34 (gcc)
[20:10:14] 3 tRNA-Gly [77869,77944] 34 (gcc)
[20:10:14] 4 tRNA-Gly [77980,78055] 34 (gcc)
[20:10:14] 1 tRNA-Pro [72197,72273] 35 (cgg)
[20:10:14] 1 tRNA-Ser c[32807,32894] 35 (tga)
[20:10:14] 2 tRNA-Ser c[81466,81553] 35 (gga)
[20:10:14] 1 tRNA-Phe c[5937,6012] 34 (gaa)
[20:10:14] 2 tRNA-Gly [125331,125404] 33 (ccc)
[20:10:14] 3 tRNA-Met c[192909,192985] 35 (cat)
[20:10:14] 4 tRNA-Ser [322479,322571] 35 (gct)
[20:10:14] 5 tRNA-Arg [322575,322651] 35 (acg)
[20:10:14] 6 tRNA-Arg c[322595,322666] 34 (tcg)
[20:10:14] 1 tRNA-seC [4263,4357] 35 (tca)
[20:10:14] 1 tRNA-Asp c[8764,8840] 35 (gtc)
[20:10:14] 1 tRNA-Met [9071,9146] 34 (cat)
[20:10:14] 2 tRNA-Leu c[113274,113360] 35 (gag)
[20:10:14] 3 tRNA-Thr c[207830,207905] 34 (ggt)
[20:10:14] 1 tRNA-Gln c[84592,84666] 33 (ctg)
[20:10:14] 2 tRNA-Leu c[85114,85198] 35 (tag)
[20:10:14] 3 tRNA-Lys [164189,164264] 34 (ttt)
[20:10:14] 4 tRNA-Val [164400,164475] 34 (tac)
[20:10:14] 5 tRNA-Lys [164480,164555] 34 (ttt)
[20:10:14] 6 tRNA-Lys [164682,164757] 34 (ttt)
[20:10:14] 7 tRNA-Gly [258719,258803] 37 (gcc)
[20:10:14] 8 tRNA-Ser c[361927,362014] 35 (gga)
[20:10:14] Found 69 tRNAs
[20:10:14] Predicting Ribosomal RNAs
[20:10:14] Running Barrnap with 1 threads
[20:10:21] 1 blood-08-0081_ctg_1534 5193 5S ribosomal RNA
[20:10:21] 2 blood-08-0081_ctg_1542 88197 5S ribosomal RNA
[20:10:21] 3 blood-08-0081_ctg_1576 12 16S ribosomal RNA
[20:10:21] 4 blood-08-0081_ctg_1577 1 16S ribosomal RNA
[20:10:21] 5 blood-08-0081_ctg_1578 1 16S ribosomal RNA
[20:10:21] 6 blood-08-0081_ctg_1636 1279 5S ribosomal RNA
[20:10:21] 7 blood-08-0081_ctg_1665 13054 5S ribosomal RNA
[20:10:21] 8 blood-08-0081_ctg_1676 107577 5S ribosomal RNA
[20:10:21] 9 blood-08-0081_ctg_1682 8898 5S ribosomal RNA
[20:10:21] 10 blood-08-0081_ctg_1687 207678 5S ribosomal RNA
[20:10:21] 11 blood-08-0081_ctg_1687 207923 5S ribosomal RNA
[20:10:21] Found 11 rRNAs
[20:10:21] Skipping ncRNA search, enable with --rfam if desired.
[20:10:21] Total of 79 tRNA + rRNA features
[20:10:21] Searching for CRISPR repeats
[20:10:24] CRISPR1 blood-08-0081_ctg_1673 238008 with 10 spacers
[20:10:24] CRISPR2 blood-08-0081_ctg_1673 264288 with 17 spacers
[20:10:24] Found 2 CRISPRs
[20:10:24] Predicting coding sequences
[20:10:24] Contigs total 5271740 bp, so using single mode
[20:10:24] Running: prodigal -i prokka_blood\-08\-0081\/K_11082019\.fna -c -m -g 11 -p single -f sco -q
[20:10:35] Excluding CDS which overlaps existing RNA (tRNA) at blood-08-0081_ctg_1536:5446..5892 on - strand
[20:10:38] Excluding CDS which overlaps existing RNA (rRNA) at blood-08-0081_ctg_1576:111..365 on - strand
[20:10:38] Excluding CDS which overlaps existing RNA (rRNA) at blood-08-0081_ctg_1577:1074..1328 on + strand
[20:10:38] Excluding CDS which overlaps existing RNA (rRNA) at blood-08-0081_ctg_1578:1074..1328 on + strand
[20:10:44] Excluding CDS which overlaps existing RNA (tRNA) at blood-08-0081_ctg_1687:207753..208280 on + strand
[20:10:45] Excluding CDS which overlaps existing RNA (tRNA) at blood-08-0081_ctg_1688:256838..259123 on + strand
[20:10:45] Found 4963 CDS
[20:10:45] Connecting features back to sequences
[20:10:45] Not using genus-specific database. Try --usegenus to enable it.
[20:10:45] Annotating CDS, please be patient.
[20:10:45] Will use 1 CPUs for similarity searching.
[20:10:49] There are still 4963 unannotated CDS left (started with 4963)
[20:10:49] Will use blast to search against /opt/prokka/bin/../db/kingdom/Bacteria/sprot with 1 CPUs
[20:10:49] Running: cat prokka_blood\-08\-0081\/sprot\.faa | parallel --gnu --plain -j 1 --block 777920 --recstart '>' --pipe blastp -query - -db /opt/prokka/bin/../db/kingdom/Bacteria/sprot -evalue 1e-06 -num_threads 1 -num_descriptions 1 -num_alignments 1 -seg no > prokka_blood\-08\-0081\/sprot\.blast 2> /dev/null
[20:18:47] Modify product: Uncharacterized oxidoreductase Rv1350 => putative oxidoreductase
[20:18:47] Modify product: Probable deferrochelatase/peroxidase YfeX => putative deferrochelatase/peroxidase YfeX
[20:18:47] Modify product: Thioredoxin-like protein slr0233 => Thioredoxin-like protein
[20:18:47] Modify product: Stress response UPF0229 protein YhbH => hypothetical protein
[20:18:47] Modify product: Probable diguanylate cyclase YeaP => putative diguanylate cyclase YeaP
[20:18:47] Modify product: Probable S-adenosyl-L-methionine-dependent methyltransferase TehB => putative S-adenosyl-L-methionine-dependent methyltransferase TehB
[20:18:47] Modify product: Probable ATP-dependent helicase DinG homolog => hypothetical protein
[20:18:47] Modify product: Probable manganese efflux pump MntP => putative manganese efflux pump MntP
[20:18:48] Modify product: Probable transcriptional regulatory protein YebC => putative transcriptional regulatory protein YebC
[20:18:48] Modify product: Uncharacterized N-acetyltransferase YsnE => putative N-acetyltransferase YsnE
[20:18:48] Modify product: Uncharacterized HTH-type transcriptional regulator YddM => putative HTH-type transcriptional regulator YddM
[20:18:48] Modify product: Probable D,D-dipeptide transport ATP-binding protein DdpF => putative D,D-dipeptide transport ATP-binding protein DdpF
[20:18:48] Modify product: Probable D,D-dipeptide transport ATP-binding protein DdpD => putative D,D-dipeptide transport ATP-binding protein DdpD
[20:18:48] Modify product: Probable D,D-dipeptide transport system permease protein DdpC => putative D,D-dipeptide transport system permease protein DdpC
[20:18:48] Modify product: Probable D,D-dipeptide transport system permease protein DdpB => putative D,D-dipeptide transport system permease protein DdpB
[20:18:48] Modify product: Probable D,D-dipeptide-binding periplasmic protein DdpA => putative D,D-dipeptide-binding periplasmic protein DdpA
[20:18:48] Modify product: Probable glutamate/gamma-aminobutyrate antiporter => putative glutamate/gamma-aminobutyrate antiporter
[20:18:48] Modify product: Uncharacterized HTH-type transcriptional regulator YahB => putative HTH-type transcriptional regulator YahB
[20:18:48] Modify product: Carbon dioxide-concentrating mechanism protein CcmK homolog 2 => hypothetical protein
[20:18:48] Modify product: Carbon dioxide-concentrating mechanism protein CcmK homolog 2 => hypothetical protein
[20:18:48] Modify product: Probable L,D-transpeptidase ErfK/SrfK => putative L,D-transpeptidase ErfK/SrfK
[20:18:48] Modify product: Probable transcriptional regulatory protein YeeN => putative transcriptional regulatory protein YeeN
[20:18:48] Modify product: Probable transcriptional regulatory protein YedW => putative transcriptional regulatory protein YedW
[20:18:48] Modify product: Probable sensor-like histidine kinase YedV => putative sensor-like histidine kinase YedV
[20:18:48] Modify product: Uncharacterized inner membrane transporter YedA => putative inner membrane transporter YedA
[20:18:48] Modify product: Probable diguanylate cyclase YedQ => putative diguanylate cyclase YedQ
[20:18:49] Modify product: Probable E3 ubiquitin-protein ligase ipaH7.8 => putative E3 ubiquitin-protein ligase ipaH7.8
[20:18:49] Modify product: Uncharacterized zinc protease Rv2782c => putative zinc protease
[20:18:49] Modify product: Probable multidrug resistance protein EmrK => putative multidrug resistance protein EmrK
[20:18:49] Modify product: Probable multidrug resistance protein EmrY => putative multidrug resistance protein EmrY
[20:18:49] Modify product: Probable phospholipid-binding lipoprotein MlaA => putative phospholipid-binding lipoprotein MlaA
[20:18:49] Modify product: Uncharacterized fimbrial-like protein YfcV => putative fimbrial-like protein YfcV
[20:18:49] Modify product: Probable fimbrial chaperone YfcS => putative fimbrial chaperone YfcS
[20:18:49] Modify product: Uncharacterized fimbrial-like protein YfcR => putative fimbrial-like protein YfcR
[20:18:49] Modify product: Uncharacterized fimbrial-like protein YfcQ => putative fimbrial-like protein YfcQ
[20:18:49] Modify product: Uncharacterized fimbrial-like protein YfcP => putative fimbrial-like protein YfcP
[20:18:49] Modify product: Probable galactarate transporter => putative galactarate transporter
[20:18:49] Modify product: Uncharacterized membrane protein Rv0364 => putative membrane protein
[20:18:49] Modify product: Epimerase family protein SA0724 => Epimerase family protein
[20:18:49] Modify product: Uncharacterized Nudix hydrolase YfcD => putative Nudix hydrolase YfcD
[20:18:49] Modify product: Probable 4-amino-4-deoxy-L-arabinose-phosphoundecaprenol flippase subunit ArnF => putative 4-amino-4-deoxy-L-arabinose-phosphoundecaprenol flippase subunit ArnF
[20:18:49] Modify product: Probable 4-amino-4-deoxy-L-arabinose-phosphoundecaprenol flippase subunit ArnE => putative 4-amino-4-deoxy-L-arabinose-phosphoundecaprenol flippase subunit ArnE
[20:18:49] Modify product: Probable 4-deoxy-4-formamido-L-arabinose-phosphoundecaprenol deformylase ArnD => putative 4-deoxy-4-formamido-L-arabinose-phosphoundecaprenol deformylase ArnD
[20:18:50] Modify product: Uncharacterized ABC transporter ATP-binding protein YheS => putative ABC transporter ATP-binding protein YheS
[20:18:50] Modify product: Probable adenosine monophosphate-protein transferase fic => putative adenosine monophosphate-protein transferase fic
[20:18:50] Modify product: Phosphotriesterase homology protein => hypothetical protein
[20:18:50] Modify product: Putative membrane protein IgaA homolog => hypothetical protein
[20:18:50] Modify product: Uncharacterized fimbrial-like protein SfmH => putative fimbrial-like protein SfmH
[20:18:50] Modify product: Uncharacterized fimbrial chaperone YcbF => putative fimbrial chaperone YcbF
[20:18:50] Modify product: Uncharacterized fimbrial-like protein YcbV => putative fimbrial-like protein YcbV
[20:18:50] Modify product: Uncharacterized fimbrial-like protein YcbU => putative fimbrial-like protein YcbU
[20:18:50] Modify product: Probable outer membrane usher protein ElfC => putative outer membrane usher protein ElfC
[20:18:50] Modify product: Uncharacterized oxidoreductase YhhX => putative oxidoreductase YhhX
[20:18:50] Modify product: Uncharacterized acyl--CoA ligase YhfT => putative acyl--CoA ligase YhfT
[20:18:50] Modify product: Putative esterase aq_1494 => Putative esterase
[20:18:50] Modify product: Probable multidrug resistance protein EmrK => putative multidrug resistance protein EmrK
[20:18:50] Modify product: Probable HTH-type transcriptional regulator YgaV => putative HTH-type transcriptional regulator YgaV
[20:18:50] Modify product: Oxygen-independent coproporphyrinogen-III oxidase-like protein sll1917 => Oxygen-independent coproporphyrinogen-III oxidase-like protein
[20:18:51] Modify product: Uncharacterized symporter YidK => putative symporter YidK
[20:18:51] Modify product: Probable 2-dehydro-3-deoxygalactonokinase DgoK1 => putative 2-dehydro-3-deoxygalactonokinase DgoK1
[20:18:51] Modify product: Uncharacterized fimbrial-like protein ElfG => putative fimbrial-like protein ElfG
[20:18:51] Modify product: Uncharacterized transporter YycB => putative transporter YycB
[20:18:51] Modify product: Probable diguanylate cyclase AdrA => putative diguanylate cyclase AdrA
[20:18:51] Modify product: Uncharacterized lipoprotein YajI => putative lipoprotein YajI
[20:18:51] Modify product: Probable protein deglycase => putative protein deglycase
[20:18:52] Modify product: Probable multidrug resistance ABC transporter ATP-binding/permease protein YheI => putative multidrug resistance ABC transporter ATP-binding/permease protein YheI
[20:18:52] Modify product: Probable iron export ATP-binding protein FetA => putative iron export ATP-binding protein FetA
[20:18:52] Modify product: Probable iron export permease protein FetB => putative iron export permease protein FetB
[20:18:52] Modify product: Uncharacterized oxidoreductase Rv0484c => putative oxidoreductase
[20:18:52] Modify product: Uncharacterized ferredoxin-like protein YfhL => putative ferredoxin-like protein YfhL
[20:18:52] Modify product: Probable 3-phenylpropionic acid transporter => putative 3-phenylpropionic acid transporter
[20:18:52] Modify product: Uncharacterized lipoprotein YfhM => putative lipoprotein YfhM
[20:18:53] Modify product: Probable protein kinase UbiB => putative protein kinase UbiB
[20:18:53] Modify product: Probable transport protein YifK => putative transport protein YifK
[20:18:53] Modify product: Probable ECA polymerase => putative ECA polymerase
[20:18:53] Modify product: Transcription termination factor Rho => hypothetical protein
[20:18:53] Modify product: DNA repair protein RadA homolog => hypothetical protein
[20:18:53] Modify product: Uncharacterized tRNA/rRNA methyltransferase HI_0380 => putative tRNA/rRNA methyltransferase
[20:18:53] Modify product: Probable fimbrial chaperone YehC => putative fimbrial chaperone YehC
[20:18:53] Modify product: Uncharacterized fimbrial-like protein YehD => putative fimbrial-like protein YehD
[20:18:53] Modify product: Probable crotonobetaine/carnitine-CoA ligase => putative crotonobetaine/carnitine-CoA ligase
[20:18:54] Modify product: Uncharacterized fimbrial-like protein YadC => putative fimbrial-like protein YadC
[20:18:54] Modify product: Uncharacterized fimbrial-like protein YadK => putative fimbrial-like protein YadK
[20:18:54] Modify product: Uncharacterized fimbrial-like protein YadM => putative fimbrial-like protein YadM
[20:18:54] Modify product: Probable fimbrial chaperone YadV => putative fimbrial chaperone YadV
[20:18:54] Modify product: Uncharacterized fimbrial-like protein YadN => putative fimbrial-like protein YadN
[20:18:54] Modify product: Probable tRNA (adenine(37)-N6)-methyltransferase => putative tRNA (adenine(37)-N6)-methyltransferase
[20:18:54] Modify product: Probable 9-O-acetyl-N-acetylneuraminic acid deacetylase => putative 9-O-acetyl-N-acetylneuraminic acid deacetylase
[20:18:55] Modify product: Probable RNA polymerase sigma factor FecI => putative RNA polymerase sigma factor FecI
[20:18:55] Modify product: Probable TonB-dependent receptor NMB1497 => putative TonB-dependent receptor
[20:18:55] Modify product: Insertion element IS6110 uncharacterized 12.0 kDa protein => Insertion element uncharacterized 12.0 kDa protein
[20:18:55] Modify product: Probable formate transporter 1 => putative formate transporter 1
[20:18:55] Modify product: Probable autotransporter ROD_p1121 => putative autotransporter
[20:18:55] Modify product: Transcription termination/antitermination protein NusG => hypothetical protein
[20:18:56] Modify product: Uncharacterized N-acetyltransferase YafP => putative N-acetyltransferase YafP
[20:18:56] Modify product: Probable E3 ubiquitin-protein ligase ipaH7.8 => putative E3 ubiquitin-protein ligase ipaH7.8
[20:18:56] Modify product: Probable nitrate reductase molybdenum cofactor assembly chaperone NarW => putative nitrate reductase molybdenum cofactor assembly chaperone NarW
[20:18:56] Modify product: Uncharacterized isomerase YddE => putative isomerase YddE
[20:18:56] Modify product: Probable chromate transport protein => putative chromate transport protein
[20:18:56] Modify product: Probable multidrug-efflux transporter Rv1258c => putative multidrug-efflux transporter
[20:18:56] Modify product: Insertion sequence IS5376 putative ATP-binding protein => Insertion sequence putative ATP-binding protein
[20:18:56] Modify product: Probable HTH-type transcriptional regulator YgaV => putative HTH-type transcriptional regulator YgaV
[20:18:56] Modify product: Probable transporter SCO4007 => putative transporter
[20:18:56] Modify product: Probable endopeptidase YafL => putative endopeptidase YafL
[20:18:57] Modify product: Probable cystine transporter YijE => putative cystine transporter YijE
[20:18:57] Modify product: Probable L,D-transpeptidase YcfS => putative L,D-transpeptidase YcfS
[20:18:57] Modify product: Uncharacterized deoxyribonuclease YcfH => putative deoxyribonuclease YcfH
[20:18:57] Modify product: Probable intracellular septation protein A => putative intracellular septation protein A
[20:18:57] Modify product: Uncharacterized acyl-CoA thioester hydrolase HI_0827 => putative acyl-CoA thioester hydrolase
[20:18:57] Modify product: Probable dimethyl sulfoxide reductase chain YnfF => putative dimethyl sulfoxide reductase chain YnfF
[20:18:58] Modify product: DNA replication terminus site-binding protein => hypothetical protein
[20:18:58] Modify product: Uncharacterized HTH-type transcriptional regulator YahB => putative HTH-type transcriptional regulator YahB
[20:18:58] Modify product: Probable autotransporter ROD_p1121 => putative autotransporter
[20:18:58] Modify product: Uncharacterized ferredoxin-like protein YdhX => putative ferredoxin-like protein YdhX
[20:18:58] Modify product: Uncharacterized oxidoreductase YdhV => putative oxidoreductase YdhV
[20:18:58] Modify product: Uncharacterized ferredoxin-like protein YdhY => putative ferredoxin-like protein YdhY
[20:18:58] Modify product: Probable L,D-transpeptidase YnhG => putative L,D-transpeptidase YnhG
[20:18:58] Modify product: Probable ATP-dependent transporter SufC => putative ATP-dependent transporter SufC
[20:18:58] Modify product: Uncharacterized FAD-linked oxidoreductase Rv2280 => putative FAD-linked oxidoreductase
[20:18:58] Modify product: Uncharacterized sugar kinase YdjH => putative sugar kinase YdjH
[20:18:58] Modify product: Probable fructose-bisphosphate aldolase => putative fructose-bisphosphate aldolase
[20:18:58] Modify product: Insertion element IS6110 uncharacterized 12.0 kDa protein => Insertion element uncharacterized 12.0 kDa protein
[20:18:58] Modify product: Tail fiber assembly protein homolog from lambdoid prophage e14 => hypothetical protein
[20:18:58] Modify product: Probable amino-acid metabolite efflux pump => putative amino-acid metabolite efflux pump
[20:18:59] Modify product: Probable diguanylate cyclase YedQ => putative diguanylate cyclase YedQ
[20:18:59] Modify product: Uncharacterized aldolase LsrF => putative aldolase LsrF
[20:18:59] Modify product: Uncharacterized oxidoreductase Rv2298 => putative oxidoreductase
[20:18:59] Modify product: Uncharacterized oxidoreductase Rv2900c => putative oxidoreductase
[20:18:59] Modify product: Uncharacterized oxidoreductase YjmC => putative oxidoreductase YjmC
[20:18:59] Modify product: Probable deoxycholate-binding periplasmic protein YgiS => putative deoxycholate-binding periplasmic protein YgiS
[20:18:59] Modify product: Probable quinol monooxygenase YgiN => putative quinol monooxygenase YgiN
[20:18:59] Modify product: Uncharacterized fimbrial-like protein YbgD => putative fimbrial-like protein YbgD
[20:18:59] Modify product: Probable glycerol-3-phosphate acyltransferase => putative glycerol-3-phosphate acyltransferase
[20:19:00] Modify product: Uncharacterized HTH-type transcriptional regulator YahB => putative HTH-type transcriptional regulator YahB
[20:19:00] Modify product: Probable pyridine nucleotide-disulfide oxidoreductase RclA => putative pyridine nucleotide-disulfide oxidoreductase RclA
[20:19:00] Modify product: Uncharacterized oxidoreductase YtbE => putative oxidoreductase YtbE
[20:19:00] Modify product: Uncharacterized membrane protein YkgR => putative membrane protein YkgR
[20:19:00] Modify product: Probable fimbrial chaperone EcpB => putative fimbrial chaperone EcpB
[20:19:00] Modify product: Probable outer membrane usher protein EcpC => putative outer membrane usher protein EcpC
[20:19:00] Modify product: Probable fimbrial chaperone EcpE => putative fimbrial chaperone EcpE
[20:19:00] Modify product: Uncharacterized deoxyribonuclease YjjV => putative deoxyribonuclease YjjV
[20:19:00] Modify product: Probable HTH-type transcriptional regulator LgoR => putative HTH-type transcriptional regulator LgoR
[20:19:00] Modify product: Probable diguanylate cyclase YfiN => putative diguanylate cyclase YfiN
[20:19:00] Modify product: Probable autotransporter ROD_p1121 => putative autotransporter
[20:19:00] Modify product: Probable transport protein HsrA => putative transport protein HsrA
[20:19:01] Modify product: Probable outer membrane usher protein ElfC => putative outer membrane usher protein ElfC
[20:19:01] Modify product: Probable acyltransferase YihG => putative acyltransferase YihG
[20:19:01] Modify product: Probable GTP-binding protein EngB => putative GTP-binding protein EngB
[20:19:01] Modify product: Insertion element IS6110 uncharacterized 12.0 kDa protein => Insertion element uncharacterized 12.0 kDa protein
[20:19:01] Modify product: Probable 2-keto-3-deoxy-galactonate aldolase YagE => putative 2-keto-3-deoxy-galactonate aldolase YagE
[20:19:01] Modify product: Uncharacterized fimbrial-like protein SfmF => putative fimbrial-like protein SfmF
[20:19:01] Modify product: Uncharacterized fimbrial-like protein SfmH => putative fimbrial-like protein SfmH
[20:19:01] Modify product: Probable fimbrial chaperone SfmC => putative fimbrial chaperone SfmC
[20:19:01] Modify product: Uncharacterized fimbrial-like protein SfmA => putative fimbrial-like protein SfmA
[20:19:01] Modify product: Bifunctional protein FolD => Bifunctional protein FolD protein
[20:19:01] Modify product: Probable transcriptional regulator PhnF => putative transcriptional regulator PhnF
[20:19:01] Modify product: Probable cadaverine/lysine antiporter => putative cadaverine/lysine antiporter
[20:19:02] Modify product: Probable L-ascorbate-6-phosphate lactonase UlaG => putative L-ascorbate-6-phosphate lactonase UlaG
[20:19:02] Modify product: Uncharacterized glycosyltransferase EpsJ => putative glycosyltransferase EpsJ
[20:19:02] Modify product: Uncharacterized GST-like protein YibF => putative GST-like protein YibF
[20:19:03] Modify product: Probable lipoprotein YiaD => putative lipoprotein YiaD
[20:19:03] Modify product: Uncharacterized N-acetyltransferase YjaB => putative N-acetyltransferase YjaB
[20:19:03] Modify product: Uncharacterized MFS-type transporter YhjX => putative MFS-type transporter YhjX
[20:19:03] Modify product: Probable Ni/Fe-hydrogenase 1 B-type cytochrome subunit => putative Ni/Fe-hydrogenase 1 B-type cytochrome subunit
[20:19:03] Modify product: Probable malonic semialdehyde reductase RutE => putative malonic semialdehyde reductase RutE
[20:19:03] Modify product: Probable phosphatase YcdX => putative phosphatase YcdX
[20:19:03] Modify product: Probable adenylyltransferase/sulfurtransferase MoeZ => putative adenylyltransferase/sulfurtransferase MoeZ
[20:19:03] Modify product: Cytochrome b561 homolog 2 => hypothetical protein
[20:19:03] Modify product: Uncharacterized lipoprotein YceB => putative lipoprotein YceB
[20:19:04] Modify product: Probable L-galactonate transporter => putative L-galactonate transporter
[20:19:04] Modify product: Probable L-galactonate transporter => putative L-galactonate transporter
[20:19:04] Modify product: Uncharacterized GTP-binding protein YjiA => putative GTP-binding protein YjiA
[20:19:04] Modify product: Probable major fimbrial subunit LpfA => putative major fimbrial subunit LpfA
[20:19:04] Modify product: Probable N-acetylneuraminic acid outer membrane channel protein NanC => putative N-acetylneuraminic acid outer membrane channel protein NanC
[20:19:04] Modify product: Probable 9-O-acetyl-N-acetylneuraminic acid deacetylase => putative 9-O-acetyl-N-acetylneuraminic acid deacetylase
[20:19:04] Modify product: Uncharacterized membrane protein YdfK => putative membrane protein YdfK
[20:19:04] Modify product: Probable Fe(2+)-trafficking protein => putative Fe(2+)-trafficking protein
[20:19:05] Modify product: Probable xanthine dehydrogenase subunit A => putative xanthine dehydrogenase subunit A
[20:19:05] Modify product: Probable ATP synthase SpaL => putative ATP synthase SpaL
[20:19:05] Modify product: Uncharacterized lipoprotein YgdR => putative lipoprotein YgdR
[20:19:05] Modify product: Uncharacterized lipoprotein YgdR => putative lipoprotein YgdR
[20:19:06] Modify product: Probable glucarate transporter => putative glucarate transporter
[20:19:06] Modify product: Uncharacterized FAD-linked oxidoreductase Rv2280 => putative FAD-linked oxidoreductase
[20:19:06] Modify product: Probable UbiX-like flavin prenyltransferase => putative UbiX-like flavin prenyltransferase
[20:19:06] Modify product: Tail fiber assembly protein homolog from lambdoid prophage e14 => hypothetical protein
[20:19:06] Modify product: Uncharacterized oxidoreductase YciK => putative oxidoreductase YciK
[20:19:06] Modify product: Probable protease SohB => putative protease SohB
[20:19:06] Modify product: Probable D,D-dipeptide transport ATP-binding protein DdpD => putative D,D-dipeptide transport ATP-binding protein DdpD
[20:19:07] Modify product: Probable DNA endonuclease SmrA => putative DNA endonuclease SmrA
[20:19:07] Modify product: Probable diguanylate cyclase YdaM => putative diguanylate cyclase YdaM
[20:19:07] Modify product: Uncharacterized protease YdcP => putative protease YdcP
[20:19:07] Modify product: Probable mRNA interferase HicA => putative mRNA interferase HicA
[20:19:07] Modify product: Uncharacterized inner membrane transporter YicL => putative inner membrane transporter YicL
[20:19:07] Modify product: Uncharacterized ferredoxin-like protein YdhX => putative ferredoxin-like protein YdhX
[20:19:08] Modify product: Uncharacterized lipoprotein GfcB => putative lipoprotein GfcB
[20:19:08] Modify product: Uncharacterized N-acetyltransferase YjaB => putative N-acetyltransferase YjaB
[20:19:08] Modify product: Probable Ni/Fe-hydrogenase 2 b-type cytochrome subunit => putative Ni/Fe-hydrogenase 2 b-type cytochrome subunit
[20:19:08] Modify product: Uncharacterized oxidoreductase YghA => putative oxidoreductase YghA
[20:19:08] Modify product: Uncharacterized methyltransferase YcgJ => putative methyltransferase YcgJ
[20:19:08] Modify product: Putative acetyltransferase SACOL2570 => Putative acetyltransferase
[20:19:08] Modify product: Uncharacterized glycosyltransferase Rv1514c => putative glycosyltransferase
[20:19:08] Modify product: Probable diguanylate cyclase YegE => putative diguanylate cyclase YegE
[20:19:08] Modify product: Uncharacterized protease YdcP => putative protease YdcP
[20:19:08] Modify product: Uncharacterized fimbrial-like protein YehA => putative fimbrial-like protein YehA
[20:19:08] Modify product: Probable fimbrial chaperone YehC => putative fimbrial chaperone YehC
[20:19:08] Modify product: Uncharacterized fimbrial-like protein YehD => putative fimbrial-like protein YehD
[20:19:09] Modify product: Uncharacterized lipoprotein YehR => putative lipoprotein YehR
[20:19:09] Modify product: Probable autotransporter ROD_p1121 => putative autotransporter
[20:19:09] Modify product: Probable ABC transporter permease protein HI_1471 => putative ABC transporter permease protein
[20:19:09] Modify product: Uncharacterized ABC transporter ATP-binding protein HI_1470 => putative ABC transporter ATP-binding protein
[20:19:09] Modify product: Probable autotransporter ROD_p1121 => putative autotransporter
[20:19:09] Modify product: Probable two-component-system connector protein AriR => putative two-component-system connector protein AriR
[20:19:09] Modify product: Probable two-component-system connector protein YcgZ => putative two-component-system connector protein YcgZ
[20:19:09] Modify product: Uncharacterized periplasmic iron-binding protein HI_0362 => putative periplasmic iron-binding protein
[20:19:09] Modify product: Uncharacterized ABC transporter ATP-binding protein HI_1470 => putative ABC transporter ATP-binding protein
[20:19:10] Modify product: Uncharacterized HTH-type transcriptional regulator YahB => putative HTH-type transcriptional regulator YahB
[20:19:10] Modify product: Probable galactarate transporter => putative galactarate transporter
[20:19:10] Modify product: Uncharacterized protease YhbU => putative protease YhbU
[20:19:10] Modify product: Transcription termination/antitermination protein NusA => hypothetical protein
[20:19:10] Modify product: Uncharacterized inner membrane transporter YhbE => putative inner membrane transporter YhbE
[20:19:10] Modify product: Probable phospholipid ABC transporter-binding protein MlaB => putative phospholipid ABC transporter-binding protein MlaB
[20:19:10] Modify product: Probable phospholipid-binding protein MlaC => putative phospholipid-binding protein MlaC
[20:19:10] Modify product: Probable phospholipid ABC transporter-binding protein MlaD => putative phospholipid ABC transporter-binding protein MlaD
[20:19:10] Modify product: Probable phospholipid ABC transporter permease protein MlaE => putative phospholipid ABC transporter permease protein MlaE
[20:19:10] Modify product: Probable phospholipid import ATP-binding protein MlaF => putative phospholipid import ATP-binding protein MlaF
[20:19:11] Modify product: Probable acrylyl-CoA reductase AcuI => putative acrylyl-CoA reductase AcuI
[20:19:11] Modify product: Uncharacterized membrane protein YhdT => putative membrane protein YhdT
[20:19:11] Modify product: Probable tRNA-dihydrouridine synthase => putative tRNA-dihydrouridine synthase
[20:19:11] Modify product: Probable glutamine ABC transporter permease protein GlnM => putative glutamine ABC transporter permease protein GlnM
[20:19:11] Modify product: Uncharacterized oxidoreductase YbdH => putative oxidoreductase YbdH
[20:19:11] Modify product: Uncharacterized HTH-type transcriptional regulator YbdO => putative HTH-type transcriptional regulator YbdO
[20:19:11] Modify product: Hydrolase Rv0480c => Hydrolase
[20:19:11] Modify product: Uncharacterized HTH-type transcriptional regulator YbdO => putative HTH-type transcriptional regulator YbdO
[20:19:11] Modify product: Probable glutamine ABC transporter permease protein GlnM => putative glutamine ABC transporter permease protein GlnM
[20:19:11] Modify product: Uncharacterized lipoprotein ChiQ => putative lipoprotein ChiQ
[20:19:11] Modify product: GTP cyclohydrolase 1 type 2 homolog => hypothetical protein
[20:19:11] Modify product: Uncharacterized fimbrial-like protein YbgD => putative fimbrial-like protein YbgD
[20:19:12] Modify product: Uncharacterized ABC transporter ATP-binding protein YlmA => putative ABC transporter ATP-binding protein YlmA
[20:19:12] Modify product: Uncharacterized HTH-type transcriptional regulator CBU_1416 => putative HTH-type transcriptional regulator
[20:19:12] Modify product: Bactoprenol glucosyl transferase homolog from prophage CPS-53 => hypothetical protein
[20:19:12] Modify product: Uncharacterized ABC transporter ATP-binding protein YbhF => putative ABC transporter ATP-binding protein YbhF
[20:19:12] Modify product: Uncharacterized HTH-type transcriptional regulator YbiH => putative HTH-type transcriptional regulator YbiH
[20:19:12] Modify product: Uncharacterized oxidoreductase YbiC => putative oxidoreductase YbiC
[20:19:12] Modify product: PKHD-type hydroxylase Sbal_3634 => PKHD-type hydroxylase
[20:19:12] Modify product: Probable L,D-transpeptidase YbiS => putative L,D-transpeptidase YbiS
[20:19:12] Modify product: Uncharacterized ABC transporter ATP-binding protein YbiT => putative ABC transporter ATP-binding protein YbiT
[20:19:13] Modify product: Uncharacterized lipoprotein YbjP => putative lipoprotein YbjP
[20:19:13] Modify product: Uncharacterized MFS-type transporter YcaD => putative MFS-type transporter YcaD
[20:19:13] Modify product: Probable formate transporter 1 => putative formate transporter 1
[20:19:13] Modify product: Probable metallo-hydrolase M6_Spy0554 => putative metallo-hydrolase
[20:19:13] Cleaned 250 /product names
[20:19:13] Deleting unwanted file: prokka_blood-08-0081/sprot.faa
[20:19:13] Deleting unwanted file: prokka_blood-08-0081/sprot.blast
[20:19:15] There are still 1509 unannotated CDS left (started with 4963)
[20:19:15] Will use hmmer3 to search against /opt/prokka/bin/../db/hmm/HAMAP.hmm with 1 CPUs
[20:19:15] Running: cat prokka_blood\-08\-0081\/HAMAP\.hmm\.faa | parallel --gnu --plain -j 1 --block 174577 --recstart '>' --pipe hmmscan --noali --notextw --acc -E 1e-06 --cpu 1 /opt/prokka/bin/../db/hmm/HAMAP.hmm /dev/stdin > prokka_blood\-08\-0081\/HAMAP\.hmm\.hmmer3 2> /dev/null
[20:21:32] Modify product: Uncharacterized Nudix hydrolase NudL => putative Nudix hydrolase NudL
[20:21:34] Cleaned 1 /product names
[20:21:34] Deleting unwanted file: prokka_blood-08-0081/HAMAP.hmm.faa
[20:21:34] Deleting unwanted file: prokka_blood-08-0081/HAMAP.hmm.hmmer3
[20:21:34] Labelling remaining 1427 proteins as 'hypothetical protein'
[20:21:34] Possible /pseudo 'L-carnitine/gamma-butyrobetaine antiporter' at blood-08-0081_ctg_1527 position 26274
[20:21:34] Possible /pseudo 'Chemotaxis protein CheA' at blood-08-0081_ctg_1527 position 118210
[20:21:34] Possible /pseudo 'Formate dehydrogenase, nitrate-inducible, major subunit' at blood-08-0081_ctg_1528 position 3505
[20:21:34] Possible /pseudo 'Aldehyde-alcohol dehydrogenase' at blood-08-0081_ctg_1530 position 24839
[20:21:34] Possible /pseudo 'Invasin' at blood-08-0081_ctg_1530 position 59002
[20:21:34] Possible /pseudo 'Acyl carrier protein' at blood-08-0081_ctg_1533 position 148549
[20:21:34] Possible /pseudo 'Anti-sigma-E factor RseA' at blood-08-0081_ctg_1541 position 5134
[20:21:34] Possible /pseudo 'Adenosyl-chloride synthase' at blood-08-0081_ctg_1542 position 35273
[20:21:34] Possible /pseudo 'Carbamoyl-phosphate synthase large chain' at blood-08-0081_ctg_1543 position 66171
[20:21:34] Possible /pseudo 'Formate dehydrogenase-O major subunit' at blood-08-0081_ctg_1605 position 81096
[20:21:34] Possible /pseudo 'Putative 2,3-dihydroxypropane-1-sulfonate exporter' at blood-08-0081_ctg_1605 position 102375
[20:21:34] Possible /pseudo 'Macrolide export ATP-binding/permease protein MacB' at blood-08-0081_ctg_1617 position 7356
[20:21:34] Possible /pseudo 'HTH-type transcriptional regulator PgrR' at blood-08-0081_ctg_1622 position 51934
[20:21:34] Possible /pseudo 'Cellulose synthase operon protein C' at blood-08-0081_ctg_1668 position 24080
[20:21:34] Possible /pseudo 'Cellulose synthase catalytic subunit [UDP-forming]' at blood-08-0081_ctg_1668 position 31069
[20:21:34] Possible /pseudo 'putative L-galactonate transporter' at blood-08-0081_ctg_1672 position 1123
[20:21:34] Possible /pseudo 'Energy-coupling factor transporter ATP-binding protein EcfA1' at blood-08-0081_ctg_1673 position 47911
[20:21:34] Possible /pseudo 'Formate dehydrogenase H' at blood-08-0081_ctg_1676 position 17936
[20:21:34] Possible /pseudo 'Manganese transport system membrane protein MntB' at blood-08-0081_ctg_1684 position 70645
[20:21:35] Found 2968 unique /gene codes.
[20:21:35] Fixed 4 duplicate /gene - yhdJ_1 yhdJ_2 yhdJ_3 yhdJ_4
[20:21:35] Fixed 2 duplicate /gene - malK_1 malK_2
[20:21:35] Fixed 2 duplicate /gene - yahA_1 yahA_2
[20:21:35] Fixed 2 duplicate /gene - sfaS_1 sfaS_2
[20:21:35] Fixed 2 duplicate /gene - lptB_1 lptB_2
[20:21:35] Fixed 2 duplicate /gene - fdoG_1 fdoG_2
[20:21:35] Fixed 2 duplicate /gene - thlA_1 thlA_2
[20:21:35] Fixed 2 duplicate /gene - nagA_1 nagA_2
[20:21:35] Fixed 3 duplicate /gene - acpP_1 acpP_2 acpP_3
[20:21:35] Fixed 3 duplicate /gene - ubiE_1 ubiE_2 ubiE_3
[20:21:35] Fixed 2 duplicate /gene - ompD_1 ompD_2
[20:21:35] Fixed 3 duplicate /gene - esiB_1 esiB_2 esiB_3
[20:21:35] Fixed 2 duplicate /gene - betB_1 betB_2
[20:21:35] Fixed 3 duplicate /gene - hyfB_1 hyfB_2 hyfB_3
[20:21:35] Fixed 3 duplicate /gene - rhaR_1 rhaR_2 rhaR_3
[20:21:35] Fixed 2 duplicate /gene - slrP_1 slrP_2
[20:21:35] Fixed 2 duplicate /gene - ulaE_1 ulaE_2
[20:21:35] Fixed 2 duplicate /gene - mntB_1 mntB_2
[20:21:35] Fixed 2 duplicate /gene - cmpR_1 cmpR_2
[20:21:35] Fixed 3 duplicate /gene - ptsG_1 ptsG_2 ptsG_3
[20:21:35] Fixed 2 duplicate /gene - dbpA_1 dbpA_2
[20:21:35] Fixed 2 duplicate /gene - adrB_1 adrB_2
[20:21:35] Fixed 2 duplicate /gene - srlE_1 srlE_2
[20:21:35] Fixed 2 duplicate /gene - pduA_1 pduA_2
[20:21:35] Fixed 2 duplicate /gene - cirA_1 cirA_2
[20:21:35] Fixed 2 duplicate /gene - flgE_1 flgE_2
[20:21:35] Fixed 2 duplicate /gene - bamD_1 bamD_2
[20:21:35] Fixed 2 duplicate /gene - betC_1 betC_2
[20:21:35] Fixed 2 duplicate /gene - ygaV_1 ygaV_2
[20:21:35] Fixed 2 duplicate /gene - aspT_1 aspT_2
[20:21:35] Fixed 2 duplicate /gene - cbeA_1 cbeA_2
[20:21:35] Fixed 3 duplicate /gene - fixX_1 fixX_2 fixX_3
[20:21:35] Fixed 2 duplicate /gene - glmU_1 glmU_2
[20:21:35] Fixed 5 duplicate /gene - dmlR_1 dmlR_2 dmlR_3 dmlR_4 dmlR_5
[20:21:35] Fixed 3 duplicate /gene - adhE_1 adhE_2 adhE_3
[20:21:35] Fixed 2 duplicate /gene - trxA_1 trxA_2
[20:21:35] Fixed 2 duplicate /gene - gntR_1 gntR_2
[20:21:35] Fixed 2 duplicate /gene - ltrA_1 ltrA_2
[20:21:35] Fixed 3 duplicate /gene - potA_1 potA_2 potA_3
[20:21:35] Fixed 2 duplicate /gene - lgoT_1 lgoT_2
[20:21:35] Fixed 2 duplicate /gene - exbB_1 exbB_2
[20:21:35] Fixed 2 duplicate /gene - yiaM_1 yiaM_2
[20:21:35] Fixed 2 duplicate /gene - fliE_1 fliE_2
[20:21:35] Fixed 4 duplicate /gene - glpR_1 glpR_2 glpR_3 glpR_4
[20:21:35] Fixed 2 duplicate /gene - salL_1 salL_2
[20:21:35] Fixed 4 duplicate /gene - lexA_1 lexA_2 lexA_3 lexA_4
[20:21:35] Fixed 4 duplicate /gene - yahB_1 yahB_2 yahB_3 yahB_4
[20:21:35] Fixed 2 duplicate /gene - zraS_1 zraS_2
[20:21:35] Fixed 2 duplicate /gene - rtcB_1 rtcB_2
[20:21:35] Fixed 2 duplicate /gene - dkgB_1 dkgB_2
[20:21:35] Fixed 2 duplicate /gene - pinR_1 pinR_2
[20:21:35] Fixed 2 duplicate /gene - rsxC_1 rsxC_2
[20:21:35] Fixed 3 duplicate /gene - gatC_1 gatC_2 gatC_3
[20:21:35] Fixed 2 duplicate /gene - ydeH_1 ydeH_2
[20:21:35] Fixed 2 duplicate /gene - zraR_1 zraR_2
[20:21:35] Fixed 2 duplicate /gene - mglA_1 mglA_2
[20:21:35] Fixed 2 duplicate /gene - prfA_1 prfA_2
[20:21:35] Fixed 2 duplicate /gene - pyrE_1 pyrE_2
[20:21:35] Fixed 2 duplicate /gene - clcD_1 clcD_2
[20:21:35] Fixed 3 duplicate /gene - clpP_1 clpP_2 clpP_3
[20:21:35] Fixed 2 duplicate /gene - gntK_1 gntK_2
[20:21:35] Fixed 2 duplicate /gene - bcsC_1 bcsC_2
[20:21:35] Fixed 2 duplicate /gene - afr_1 afr_2
[20:21:35] Fixed 2 duplicate /gene - fhlA_1 fhlA_2
[20:21:35] Fixed 2 duplicate /gene - caiA_1 caiA_2
[20:21:35] Fixed 2 duplicate /gene - ubiG_1 ubiG_2
[20:21:35] Fixed 2 duplicate /gene - ygdR_1 ygdR_2
[20:21:35] Fixed 2 duplicate /gene - hemN_1 hemN_2
[20:21:35] Fixed 3 duplicate /gene - etfA_1 etfA_2 etfA_3
[20:21:35] Fixed 3 duplicate /gene - patB_1 patB_2 patB_3
[20:21:35] Fixed 2 duplicate /gene - arcA_1 arcA_2
[20:21:35] Fixed 2 duplicate /gene - emrK_1 emrK_2
[20:21:35] Fixed 2 duplicate /gene - betT_1 betT_2
[20:21:35] Fixed 2 duplicate /gene - mngR_1 mngR_2
[20:21:35] Fixed 2 duplicate /gene - fliF_1 fliF_2
[20:21:35] Fixed 3 duplicate /gene - opgE_1 opgE_2 opgE_3
[20:21:35] Fixed 2 duplicate /gene - ecpR_1 ecpR_2
[20:21:35] Fixed 2 duplicate /gene - garP_1 garP_2
[20:21:35] Fixed 3 duplicate /gene - recF_1 recF_2 recF_3
[20:21:35] Fixed 4 duplicate /gene - ldrD_1 ldrD_2 ldrD_3 ldrD_4
[20:21:35] Fixed 2 duplicate /gene - rpoS_1 rpoS_2
[20:21:35] Fixed 2 duplicate /gene - osmY_1 osmY_2
[20:21:35] Fixed 2 duplicate /gene - ydcP_1 ydcP_2
[20:21:35] Fixed 2 duplicate /gene - yqiJ_1 yqiJ_2
[20:21:35] Fixed 3 duplicate /gene - sgrR_1 sgrR_2 sgrR_3
[20:21:35] Fixed 2 duplicate /gene - papD_1 papD_2
[20:21:35] Fixed 2 duplicate /gene - argA_1 argA_2
[20:21:35] Fixed 2 duplicate /gene - fliN_1 fliN_2
[20:21:35] Fixed 2 duplicate /gene - manY_1 manY_2
[20:21:35] Fixed 2 duplicate /gene - macA_1 macA_2
[20:21:35] Fixed 2 duplicate /gene - ccmF_1 ccmF_2
[20:21:35] Fixed 2 duplicate /gene - mdtK_1 mdtK_2
[20:21:35] Fixed 2 duplicate /gene - narL_1 narL_2
[20:21:35] Fixed 2 duplicate /gene - sicA_1 sicA_2
[20:21:35] Fixed 2 duplicate /gene - ttdA_1 ttdA_2
[20:21:35] Fixed 2 duplicate /gene - topA_1 topA_2
[20:21:35] Fixed 2 duplicate /gene - ssb_1 ssb_2
[20:21:35] Fixed 2 duplicate /gene - yagT_1 yagT_2
[20:21:35] Fixed 2 duplicate /gene - nemA_1 nemA_2
[20:21:35] Fixed 3 duplicate /gene - fabF_1 fabF_2 fabF_3
[20:21:35] Fixed 5 duplicate /gene - fabG_1 fabG_2 fabG_3 fabG_4 fabG_5
[20:21:35] Fixed 2 duplicate /gene - btuR_1 btuR_2
[20:21:35] Fixed 2 duplicate /gene - pphA_1 pphA_2
[20:21:35] Fixed 2 duplicate /gene - sfmH_1 sfmH_2
[20:21:35] Fixed 3 duplicate /gene - xdhA_1 xdhA_2 xdhA_3
[20:21:35] Fixed 2 duplicate /gene - soj_1 soj_2
[20:21:35] Fixed 2 duplicate /gene - fimC_1 fimC_2
[20:21:35] Fixed 5 duplicate /gene - manX_1 manX_2 manX_3 manX_4 manX_5
[20:21:35] Fixed 2 duplicate /gene - fecA_1 fecA_2
[20:21:35] Fixed 2 duplicate /gene - ftsA_1 ftsA_2
[20:21:35] Fixed 2 duplicate /gene - fbaA_1 fbaA_2
[20:21:35] Fixed 2 duplicate /gene - nadC_1 nadC_2
[20:21:35] Fixed 2 duplicate /gene - qseF_1 qseF_2
[20:21:35] Fixed 2 duplicate /gene - bepA_1 bepA_2
[20:21:35] Fixed 2 duplicate /gene - ydjZ_1 ydjZ_2
[20:21:35] Fixed 3 duplicate /gene - gutB_1 gutB_2 gutB_3
[20:21:35] Fixed 2 duplicate /gene - ygcS_1 ygcS_2
[20:21:35] Fixed 2 duplicate /gene - araC_1 araC_2
[20:21:35] Fixed 2 duplicate /gene - yiaJ_1 yiaJ_2
[20:21:35] Fixed 2 duplicate /gene - hchA_1 hchA_2
[20:21:35] Fixed 2 duplicate /gene - dmsB_1 dmsB_2
[20:21:35] Fixed 2 duplicate /gene - glmS_1 glmS_2
[20:21:35] Fixed 2 duplicate /gene - hypA_1 hypA_2
[20:21:35] Fixed 2 duplicate /gene - blc_1 blc_2
[20:21:35] Fixed 3 duplicate /gene - lgoD_1 lgoD_2 lgoD_3
[20:21:35] Fixed 2 duplicate /gene - xylA_1 xylA_2
[20:21:35] Fixed 3 duplicate /gene - gltC_1 gltC_2 gltC_3
[20:21:35] Fixed 3 duplicate /gene - srmB_1 srmB_2 srmB_3
[20:21:35] Fixed 2 duplicate /gene - fliG_1 fliG_2
[20:21:35] Fixed 2 duplicate /gene - fdnG_1 fdnG_2
[20:21:35] Fixed 2 duplicate /gene - ulaB_1 ulaB_2
[20:21:35] Fixed 2 duplicate /gene - ligA_1 ligA_2
[20:21:35] Fixed 2 duplicate /gene - cysH_1 cysH_2
[20:21:35] Fixed 2 duplicate /gene - mtlA_1 mtlA_2
[20:21:35] Fixed 3 duplicate /gene - hcaR_1 hcaR_2 hcaR_3
[20:21:35] Fixed 2 duplicate /gene - gcvA_1 gcvA_2
[20:21:35] Fixed 2 duplicate /gene - narX_1 narX_2
[20:21:35] Fixed 2 duplicate /gene - clpB_1 clpB_2
[20:21:35] Fixed 5 duplicate /gene - srlR_1 srlR_2 srlR_3 srlR_4 srlR_5
[20:21:35] Fixed 2 duplicate /gene - idnT_1 idnT_2
[20:21:35] Fixed 2 duplicate /gene - chuR_1 chuR_2
[20:21:35] Fixed 2 duplicate /gene - yedQ_1 yedQ_2
[20:21:35] Fixed 2 duplicate /gene - pqiB_1 pqiB_2
[20:21:35] Fixed 5 duplicate /gene - pgrR_1 pgrR_2 pgrR_3 pgrR_4 pgrR_5
[20:21:35] Fixed 2 duplicate /gene - pipB2_1 pipB2_2
[20:21:35] Fixed 4 duplicate /gene - rrrD_1 rrrD_2 rrrD_3 rrrD_4
[20:21:35] Fixed 2 duplicate /gene - yicJ_1 yicJ_2
[20:21:35] Fixed 2 duplicate /gene - loiP_1 loiP_2
[20:21:35] Fixed 3 duplicate /gene - sppA_1 sppA_2 sppA_3
[20:21:35] Fixed 2 duplicate /gene - arcC2_1 arcC2_2
[20:21:35] Fixed 2 duplicate /gene - ssuC_1 ssuC_2
[20:21:35] Fixed 2 duplicate /gene - dppA_1 dppA_2
[20:21:35] Fixed 2 duplicate /gene - tlyC_1 tlyC_2
[20:21:35] Fixed 2 duplicate /gene - fumA_1 fumA_2
[20:21:35] Fixed 2 duplicate /gene - ydhX_1 ydhX_2
[20:21:35] Fixed 2 duplicate /gene - kdgR_1 kdgR_2
[20:21:35] Fixed 3 duplicate /gene - gadX_1 gadX_2 gadX_3
[20:21:35] Fixed 2 duplicate /gene - focA_1 focA_2
[20:21:35] Fixed 2 duplicate /gene - yjaB_1 yjaB_2
[20:21:35] Fixed 2 duplicate /gene - treA_1 treA_2
[20:21:35] Fixed 2 duplicate /gene - tsaR_1 tsaR_2
[20:21:35] Fixed 2 duplicate /gene - rpe_1 rpe_2
[20:21:35] Fixed 2 duplicate /gene - dnaC_1 dnaC_2
[20:21:35] Fixed 2 duplicate /gene - era_1 era_2
[20:21:35] Fixed 2 duplicate /gene - efeU_1 efeU_2
[20:21:35] Fixed 2 duplicate /gene - yccS_1 yccS_2
[20:21:35] Fixed 2 duplicate /gene - lon_1 lon_2
[20:21:35] Fixed 2 duplicate /gene - hycG_1 hycG_2
[20:21:35] Fixed 2 duplicate /gene - leuE_1 leuE_2
[20:21:35] Fixed 3 duplicate /gene - pdhR_1 pdhR_2 pdhR_3
[20:21:35] Fixed 2 duplicate /gene - kduD_1 kduD_2
[20:21:35] Fixed 2 duplicate /gene - focC_1 focC_2
[20:21:35] Fixed 2 duplicate /gene - deoB_1 deoB_2
[20:21:35] Fixed 2 duplicate /gene - flgI_1 flgI_2
[20:21:35] Fixed 2 duplicate /gene - mtlR_1 mtlR_2
[20:21:35] Fixed 2 duplicate /gene - icsA_1 icsA_2
[20:21:35] Fixed 2 duplicate /gene - iscA_1 iscA_2
[20:21:35] Fixed 2 duplicate /gene - flgK_1 flgK_2
[20:21:35] Fixed 5 duplicate /gene - rusA_1 rusA_2 rusA_3 rusA_4 rusA_5
[20:21:35] Fixed 2 duplicate /gene - cytR_1 cytR_2
[20:21:35] Fixed 2 duplicate /gene - lpp_1 lpp_2
[20:21:35] Fixed 3 duplicate /gene - kdgK_1 kdgK_2 kdgK_3
[20:21:35] Fixed 2 duplicate /gene - kefC_1 kefC_2
[20:21:35] Fixed 2 duplicate /gene - yehC_1 yehC_2
[20:21:35] Fixed 2 duplicate /gene - proS_1 proS_2
[20:21:35] Fixed 2 duplicate /gene - gadW_1 gadW_2
[20:21:35] Fixed 2 duplicate /gene - fdhF_1 fdhF_2
[20:21:35] Fixed 2 duplicate /gene - sfaH_1 sfaH_2
[20:21:35] Fixed 2 duplicate /gene - glpE_1 glpE_2
[20:21:35] Fixed 2 duplicate /gene - uvrB_1 uvrB_2
[20:21:35] Fixed 2 duplicate /gene - flgH_1 flgH_2
[20:21:35] Fixed 2 duplicate /gene - fryB_1 fryB_2
[20:21:35] Fixed 5 duplicate /gene - hyfA_1 hyfA_2 hyfA_3 hyfA_4 hyfA_5
[20:21:35] Fixed 2 duplicate /gene - ddpD_1 ddpD_2
[20:21:35] Fixed 2 duplicate /gene - ydhP_1 ydhP_2
[20:21:35] Fixed 2 duplicate /gene - acrR_1 acrR_2
[20:21:35] Fixed 3 duplicate /gene - xerC_1 xerC_2 xerC_3
[20:21:35] Fixed 2 duplicate /gene - gltR_1 gltR_2
[20:21:35] Fixed 2 duplicate /gene - manC1_1 manC1_2
[20:21:35] Fixed 2 duplicate /gene - dctA_1 dctA_2
[20:21:35] Fixed 2 duplicate /gene - ghoT_1 ghoT_2
[20:21:35] Fixed 2 duplicate /gene - flgL_1 flgL_2
[20:21:35] Fixed 3 duplicate /gene - glnQ_1 glnQ_2 glnQ_3
[20:21:35] Fixed 2 duplicate /gene - oppF_1 oppF_2
[20:21:35] Fixed 2 duplicate /gene - sucD_1 sucD_2
[20:21:35] Fixed 8 duplicate /gene - xerD_1 xerD_2 xerD_3 xerD_4 xerD_5 xerD_6 xerD_7 xerD_8
[20:21:35] Fixed 2 duplicate /gene - oxyR_1 oxyR_2
[20:21:35] Fixed 3 duplicate /gene - etfB_1 etfB_2 etfB_3
[20:21:35] Fixed 2 duplicate /gene - fimD_1 fimD_2
[20:21:35] Fixed 2 duplicate /gene - flgJ_1 flgJ_2
[20:21:35] Fixed 2 duplicate /gene - cysE_1 cysE_2
[20:21:35] Fixed 3 duplicate /gene - gltD_1 gltD_2 gltD_3
[20:21:35] Fixed 2 duplicate /gene - argR_1 argR_2
[20:21:35] Fixed 2 duplicate /gene - nuoI_1 nuoI_2
[20:21:35] Fixed 2 duplicate /gene - mepS_1 mepS_2
[20:21:35] Fixed 2 duplicate /gene - slp_1 slp_2
[20:21:35] Fixed 4 duplicate /gene - ptsI_1 ptsI_2 ptsI_3 ptsI_4
[20:21:35] Fixed 2 duplicate /gene - kefF_1 kefF_2
[20:21:35] Fixed 2 duplicate /gene - murR_1 murR_2
[20:21:35] Fixed 2 duplicate /gene - oppD_1 oppD_2
[20:21:35] Fixed 4 duplicate /gene - cynR_1 cynR_2 cynR_3 cynR_4
[20:21:35] Fixed 2 duplicate /gene - xylB_1 xylB_2
[20:21:35] Fixed 2 duplicate /gene - rhlE_1 rhlE_2
[20:21:35] Fixed 2 duplicate /gene - agp_1 agp_2
[20:21:35] Fixed 2 duplicate /gene - yiaO_1 yiaO_2
[20:21:35] Fixed 2 duplicate /gene - rutB_1 rutB_2
[20:21:35] Fixed 2 duplicate /gene - rlmB_1 rlmB_2
[20:21:35] Fixed 2 duplicate /gene - cysB_1 cysB_2
[20:21:35] Fixed 2 duplicate /gene - nepI_1 nepI_2
[20:21:35] Fixed 2 duplicate /gene - tehB_1 tehB_2
[20:21:35] Fixed 2 duplicate /gene - flgC_1 flgC_2
[20:21:35] Fixed 2 duplicate /gene - yccM_1 yccM_2
[20:21:35] Fixed 2 duplicate /gene - fdnH_1 fdnH_2
[20:21:35] Fixed 2 duplicate /gene - rhaS_1 rhaS_2
[20:21:35] Fixed 3 duplicate /gene - lldR_1 lldR_2 lldR_3
[20:21:35] Fixed 2 duplicate /gene - mhpA_1 mhpA_2
[20:21:35] Fixed 2 duplicate /gene - glmM_1 glmM_2
[20:21:35] Fixed 3 duplicate /gene - hcpA_1 hcpA_2 hcpA_3
[20:21:35] Fixed 2 duplicate /gene - yqiK_1 yqiK_2
[20:21:35] Fixed 2 duplicate /gene - dmsC_1 dmsC_2
[20:21:35] Fixed 2 duplicate /gene - cysW_1 cysW_2
[20:21:35] Fixed 2 duplicate /gene - pspB_1 pspB_2
[20:21:35] Fixed 2 duplicate /gene - tam_1 tam_2
[20:21:35] Fixed 2 duplicate /gene - cdsA_1 cdsA_2
[20:21:35] Fixed 3 duplicate /gene - folP_1 folP_2 folP_3
[20:21:35] Fixed 2 duplicate /gene - yfgF_1 yfgF_2
[20:21:35] Fixed 2 duplicate /gene - ccmH_1 ccmH_2
[20:21:35] Fixed 3 duplicate /gene - gatB_1 gatB_2 gatB_3
[20:21:35] Fixed 2 duplicate /gene - yihP_1 yihP_2
[20:21:35] Fixed 3 duplicate /gene - klcA_1 klcA_2 klcA_3
[20:21:35] Fixed 2 duplicate /gene - flgF_1 flgF_2
[20:21:35] Fixed 2 duplicate /gene - yicI_1 yicI_2
[20:21:35] Fixed 2 duplicate /gene - ydjE_1 ydjE_2
[20:21:35] Fixed 2 duplicate /gene - mzrA_1 mzrA_2
[20:21:35] Fixed 4 duplicate /gene - manZ_1 manZ_2 manZ_3 manZ_4
[20:21:35] Fixed 2 duplicate /gene - elfC_1 elfC_2
[20:21:35] Fixed 2 duplicate /gene - dksA_1 dksA_2
[20:21:35] Fixed 2 duplicate /gene - pflA_1 pflA_2
[20:21:35] Fixed 2 duplicate /gene - nagB_1 nagB_2
[20:21:35] Fixed 2 duplicate /gene - fliR_1 fliR_2
[20:21:35] Fixed 2 duplicate /gene - agaC_1 agaC_2
[20:21:35] Fixed 2 duplicate /gene - glnM_1 glnM_2
[20:21:35] Fixed 4 duplicate /gene - yhdN_1 yhdN_2 yhdN_3 yhdN_4
[20:21:35] Fixed 2 duplicate /gene - rfaP_1 rfaP_2
[20:21:35] Fixed 2 duplicate /gene - ompN_1 ompN_2
[20:21:35] Fixed 2 duplicate /gene - gstB_1 gstB_2
[20:21:35] Fixed 2 duplicate /gene - fliS_1 fliS_2
[20:21:35] Fixed 2 duplicate /gene - acs_1 acs_2
[20:21:35] Fixed 2 duplicate /gene - gpr_1 gpr_2
[20:21:35] Fixed 2 duplicate /gene - arcC1_1 arcC1_2
[20:21:35] Fixed 2 duplicate /gene - gadB_1 gadB_2
[20:21:35] Fixed 2 duplicate /gene - nlpD_1 nlpD_2
[20:21:35] Fixed 3 duplicate /gene - corC_1 corC_2 corC_3
[20:21:35] Fixed 2 duplicate /gene - nemR_1 nemR_2
[20:21:35] Fixed 4 duplicate /gene - fimA_1 fimA_2 fimA_3 fimA_4
[20:21:35] Fixed 2 duplicate /gene - cspG_1 cspG_2
[20:21:35] Fixed 5 duplicate /gene - bhsA_1 bhsA_2 bhsA_3 bhsA_4 bhsA_5
[20:21:35] Fixed 2 duplicate /gene - yvgN_1 yvgN_2
[20:21:35] Fixed 2 duplicate /gene - srlA_1 srlA_2
[20:21:35] Fixed 2 duplicate /gene - ulaC_1 ulaC_2
[20:21:35] Fixed 2 duplicate /gene - hflC_1 hflC_2
[20:21:35] Fixed 2 duplicate /gene - msbA_1 msbA_2
[20:21:35] Fixed 2 duplicate /gene - flgB_1 flgB_2
[20:21:35] Fixed 2 duplicate /gene - cusC_1 cusC_2
[20:21:35] Fixed 3 duplicate /gene - ompX_1 ompX_2 ompX_3
[20:21:35] Fixed 2 duplicate /gene - cysA_1 cysA_2
[20:21:35] Fixed 2 duplicate /gene - proP_1 proP_2
[20:21:35] Fixed 2 duplicate /gene - yehB_1 yehB_2
[20:21:35] Fixed 3 duplicate /gene - bla_1 bla_2 bla_3
[20:21:35] Fixed 2 duplicate /gene - dcuD_1 dcuD_2
[20:21:35] Fixed 2 duplicate /gene - recE_1 recE_2
[20:21:35] Fixed 2 duplicate /gene - gspA_1 gspA_2
[20:21:35] Fixed 2 duplicate /gene - rob_1 rob_2
[20:21:35] Fixed 2 duplicate /gene - lrp_1 lrp_2
[20:21:35] Fixed 2 duplicate /gene - fucA_1 fucA_2
[20:21:35] Fixed 2 duplicate /gene - artM_1 artM_2
[20:21:35] Fixed 2 duplicate /gene - lsrK_1 lsrK_2
[20:21:35] Fixed 2 duplicate /gene - ulaA_1 ulaA_2
[20:21:35] Fixed 2 duplicate /gene - rfaH_1 rfaH_2
[20:21:35] Fixed 2 duplicate /gene - pilT_1 pilT_2
[20:21:35] Fixed 3 duplicate /gene - papC_1 papC_2 papC_3
[20:21:35] Fixed 2 duplicate /gene - nanS_1 nanS_2
[20:21:35] Fixed 3 duplicate /gene - por_1 por_2 por_3
[20:21:35] Fixed 2 duplicate /gene - vgrG1_1 vgrG1_2
[20:21:35] Fixed 3 duplicate /gene - rbsA_1 rbsA_2 rbsA_3
[20:21:35] Fixed 2 duplicate /gene - flgG_1 flgG_2
[20:21:35] Fixed 2 duplicate /gene - hilA_1 hilA_2
[20:21:35] Fixed 3 duplicate /gene - tabA_1 tabA_2 tabA_3
[20:21:35] Fixed 2 duplicate /gene - ptsH_1 ptsH_2
[20:21:35] Fixed 3 duplicate /gene - ydcV_1 ydcV_2 ydcV_3
[20:21:35] Fixed 2 duplicate /gene - rclR_1 rclR_2
[20:21:35] Fixed 2 duplicate /gene - nanK_1 nanK_2
[20:21:35] Fixed 2 duplicate /gene - cheA_1 cheA_2
[20:21:35] Fixed 2 duplicate /gene - tqsA_1 tqsA_2
[20:21:35] Fixed 2 duplicate /gene - dnaK_1 dnaK_2
[20:21:35] Fixed 2 duplicate /gene - ybdO_1 ybdO_2
[20:21:35] Fixed 2 duplicate /gene - psuK_1 psuK_2
[20:21:35] Fixed 3 duplicate /gene - tnpR_1 tnpR_2 tnpR_3
[20:21:35] Fixed 2 duplicate /gene - lsrB_1 lsrB_2
[20:21:35] Fixed 2 duplicate /gene - mdh_1 mdh_2
[20:21:35] Fixed 2 duplicate /gene - pduV_1 pduV_2
[20:21:35] Fixed 3 duplicate /gene - siaT_1 siaT_2 siaT_3
[20:21:35] Fixed 2 duplicate /gene - rseA_1 rseA_2
[20:21:35] Fixed 2 duplicate /gene - ybgD_1 ybgD_2
[20:21:35] Fixed 2 duplicate /gene - deoR_1 deoR_2
[20:21:35] Fixed 2 duplicate /gene - bssD_1 bssD_2
[20:21:35] Fixed 3 duplicate /gene - malP_1 malP_2 malP_3
[20:21:35] Fixed 2 duplicate /gene - gsiA_1 gsiA_2
[20:21:35] Fixed 2 duplicate /gene - higB_1 higB_2
[20:21:35] Fixed 2 duplicate /gene - acrB_1 acrB_2
[20:21:35] Fixed 2 duplicate /gene - appA_1 appA_2
[20:21:35] Fixed 3 duplicate /gene - cysJ_1 cysJ_2 cysJ_3
[20:21:35] Fixed 2 duplicate /gene - ftnA_1 ftnA_2
[20:21:35] Fixed 3 duplicate /gene - lolD_1 lolD_2 lolD_3
[20:21:35] Fixed 2 duplicate /gene - nagC_1 nagC_2
[20:21:35] Fixed 2 duplicate /gene - carB_1 carB_2
[20:21:35] Fixed 2 duplicate /gene - fliI_1 fliI_2
[20:21:35] Fixed 2 duplicate /gene - intA_1 intA_2
[20:21:35] Fixed 3 duplicate /gene - rimO_1 rimO_2 rimO_3
[20:21:35] Fixed 3 duplicate /gene - fliP_1 fliP_2 fliP_3
[20:21:35] Fixed 2 duplicate /gene - ilvD_1 ilvD_2
[20:21:35] Fixed 2 duplicate /gene - exbD_1 exbD_2
[20:21:35] Fixed 2 duplicate /gene - fliQ_1 fliQ_2
[20:21:35] Fixed 2 duplicate /gene - fliD_1 fliD_2
[20:21:35] Fixed 2 duplicate /gene - flhB_1 flhB_2
[20:21:35] Fixed 2 duplicate /gene - lapB_1 lapB_2
[20:21:35] Fixed 2 duplicate /gene - lacY_1 lacY_2
[20:21:35] Fixed 2 duplicate /gene - yehD_1 yehD_2
[20:21:35] Fixed 2 duplicate /gene - ecfA1_1 ecfA1_2
[20:21:35] Fixed 2 duplicate /gene - sfaG_1 sfaG_2
[20:21:35] Fixed 2 duplicate /gene - aaeB_1 aaeB_2
[20:21:35] Fixed 2 duplicate /gene - argF_1 argF_2
[20:21:35] Fixed 2 duplicate /gene - bioD1_1 bioD1_2
[20:21:35] Fixed 2 duplicate /gene - kbaY_1 kbaY_2
[20:21:35] Fixed 2 duplicate /gene - hflK_1 hflK_2
[20:21:35] Fixed 2 duplicate /gene - proQ_1 proQ_2
[20:21:35] Fixed 3 duplicate /gene - macB_1 macB_2 macB_3
[20:21:35] Fixed 3 duplicate /gene - galM_1 galM_2 galM_3
[20:21:35] Fixed 5 duplicate /gene - rbsC_1 rbsC_2 rbsC_3 rbsC_4 rbsC_5
[20:21:35] Fixed 2 duplicate /gene - dnaB_1 dnaB_2
[20:21:35] Fixed 2 duplicate /gene - aaeA_1 aaeA_2
[20:21:35] Fixed 2 duplicate /gene - exuT_1 exuT_2
[20:21:35] Fixed 2 duplicate /gene - coaA_1 coaA_2
[20:21:35] Fixed 3 duplicate /gene - caiT_1 caiT_2 caiT_3
[20:21:35] Fixed 2 duplicate /gene - yhjE_1 yhjE_2
[20:21:35] Fixed 2 duplicate /gene - lolA_1 lolA_2
[20:21:35] Fixed 2 duplicate /gene - bcsA_1 bcsA_2
[20:21:35] Fixed 2 duplicate /gene - arsC_1 arsC_2
[20:21:35] Fixed 2 duplicate /gene - sbmC_1 sbmC_2
[20:21:35] Fixed 2 duplicate /gene - rpsA_1 rpsA_2
[20:21:35] Fixed 2 duplicate /gene - hemR_1 hemR_2
[20:21:35] Fixed 2 duplicate /gene - flhA_1 flhA_2
[20:21:35] Fixed 2 duplicate /gene - argE_1 argE_2
[20:21:35] Fixed 2 duplicate /gene - flgD_1 flgD_2
[20:21:35] Fixed 2 duplicate /gene - tusA_1 tusA_2
[20:21:35] Fixed 375 colliding /gene names.
[20:21:35] Adding /locus_tag identifiers
[20:21:35] Assigned 5043 locus_tags to CDS and RNA features.
[20:21:35] Writing outputs to prokka_blood-08-0081/
[20:21:43] Generating annotation statistics file
[20:21:43] Generating Genbank and Sequin files
[20:21:43] Running: tbl2asn -V b -a r10k -l paired-ends -M n -N 1 -y 'Annotated using prokka 1.12-beta from https://github.com/tseemann/prokka' -Z prokka_blood\-08\-0081\/K_11082019\.err -i prokka_blood\-08\-0081\/K_11082019\.fsa 2> /dev/null
[20:22:02] Deleting unwanted file: prokka_blood-08-0081/errorsummary.val
[20:22:02] Deleting unwanted file: prokka_blood-08-0081/K_11082019.dr
[20:22:02] Deleting unwanted file: prokka_blood-08-0081/K_11082019.fixedproducts
[20:22:02] Deleting unwanted file: prokka_blood-08-0081/K_11082019.ecn
[20:22:02] Deleting unwanted file: prokka_blood-08-0081/K_11082019.val
[20:22:02] Repairing broken .GBK output that tbl2asn produces...
[20:22:02] Running: sed 's/COORDINATES: profile/COORDINATES:profile/' < prokka_blood\-08\-0081\/K_11082019\.gbf > prokka_blood\-08\-0081\/K_11082019\.gbk
[20:22:02] Deleting unwanted file: prokka_blood-08-0081/K_11082019.gbf
[20:22:02] Output files:
[20:22:02] prokka_blood-08-0081/K_11082019.err
[20:22:02] prokka_blood-08-0081/K_11082019.gbk
[20:22:02] prokka_blood-08-0081/K_11082019.sqn
[20:22:02] prokka_blood-08-0081/K_11082019.txt
[20:22:02] prokka_blood-08-0081/K_11082019.fna
[20:22:02] prokka_blood-08-0081/K_11082019.tbl
[20:22:02] prokka_blood-08-0081/K_11082019.log
[20:22:02] prokka_blood-08-0081/K_11082019.gff
[20:22:02] prokka_blood-08-0081/K_11082019.ffn
[20:22:02] prokka_blood-08-0081/K_11082019.fsa
[20:22:02] prokka_blood-08-0081/K_11082019.faa
[20:22:02] Walltime used: 11.90 minutes
[20:22:02] If you use this result please cite the Prokka paper:
[20:22:02] Seemann T (2014) Prokka: rapid prokaryotic genome annotation. Bioinformatics. 30(14):2068-9.
[20:22:02] Type 'prokka --citation' for more details.
[20:22:02] Thank you, come again.
